<?xml version="1.0" encoding="UTF-8"?>
<!-- Generated by org.testng.reporters.JUnitReportReporter -->
<testsuite hostname="DESKTOP-TIC5DM4" failures="0" tests="2" name="com.store.TestCases.Login" time="18.238" errors="0" timestamp="2024-08-08T00:03:36 IST" skipped="0">
  <testcase classname="com.store.TestCases.Login" name="testLogin" time="10.783"/>
  <testcase classname="com.store.TestCases.Login" name="testInvalidUsernameandpassword" time="7.455"/>
</testsuite> <!-- com.store.TestCases.Login -->
