<?xml version="1.0" encoding="UTF-8"?>
<!-- Generated by org.testng.reporters.JUnitReportReporter -->
<testsuite hostname="DESKTOP-TIC5DM4" failures="0" tests="1" name="com.store.TestCases.PlaceOrderPage" time="21.766" errors="0" timestamp="2024-08-08T00:03:36 IST" skipped="0">
  <testcase classname="com.store.TestCases.PlaceOrderPage" name="placeOrder" time="21.766"/>
</testsuite> <!-- com.store.TestCases.PlaceOrderPage -->
