<?xml version="1.0" encoding="UTF-8"?>
<!-- Generated by org.testng.reporters.JUnitReportReporter -->
<testsuite hostname="DESKTOP-TIC5DM4" failures="0" tests="1" name="com.store.TestCases.HomePage" time="3.535" errors="0" timestamp="2024-08-08T00:03:36 IST" skipped="0">
  <testcase classname="com.store.TestCases.HomePage" name="testHomeFunction" time="3.535"/>
</testsuite> <!-- com.store.TestCases.HomePage -->
